{"uid":"34a54243ad621789","name":"Find pet by the 'Lost' status","fullName":"tests.test_api.TestApi#test_find_pet_400","historyId":"574124a41ade34db3f4b64108823c9f7","time":{"start":1704888925089,"stop":1704888926234,"duration":1145},"status":"failed","statusMessage":"AssertionError: assert 200 == 400\n +  where 200 = <Response [200]>.status_code","statusTrace":"self = <test_api.TestApi object at 0x00000164D03E9CA0>, api_client = <utils.api_client.ApiClient object at 0x00000164CF4777D0>\n\n    @allure.title(\"Find pet by the 'Lost' status\")\n    def test_find_pet_400(self, api_client):\n        params = {\n            \"status\": \"lost\"\n        }\n        response = api_client.get(\"/pet/findByStatus\", params)\n        print(response)\n        with allure.step(f\"Check status {response.status_code}\"):\n>           assert response.status_code == 400\nE           assert 200 == 400\nE            +  where 200 = <Response [200]>.status_code\n\ntests\\test_api.py:184: AssertionError","flaky":false,"newFailed":false,"newBroken":false,"newPassed":false,"retriesCount":0,"retriesStatusChange":false,"beforeStages":[],"testStage":{"status":"failed","statusMessage":"AssertionError: assert 200 == 400\n +  where 200 = <Response [200]>.status_code","statusTrace":"self = <test_api.TestApi object at 0x00000164D03E9CA0>, api_client = <utils.api_client.ApiClient object at 0x00000164CF4777D0>\n\n    @allure.title(\"Find pet by the 'Lost' status\")\n    def test_find_pet_400(self, api_client):\n        params = {\n            \"status\": \"lost\"\n        }\n        response = api_client.get(\"/pet/findByStatus\", params)\n        print(response)\n        with allure.step(f\"Check status {response.status_code}\"):\n>           assert response.status_code == 400\nE           assert 200 == 400\nE            +  where 200 = <Response [200]>.status_code\n\ntests\\test_api.py:184: AssertionError","steps":[{"name":"Get request to '/pet/findByStatus'","time":{"start":1704888925089,"stop":1704888926234,"duration":1145},"status":"passed","steps":[],"attachments":[],"parameters":[{"name":"path","value":"'/pet/findByStatus'"},{"name":"params","value":"{'status': 'lost'}"}],"stepsCount":0,"attachmentsCount":0,"shouldDisplayMessage":false,"hasContent":true},{"name":"Check status 200","time":{"start":1704888926234,"stop":1704888926234,"duration":0},"status":"failed","statusMessage":"AssertionError: assert 200 == 400\n +  where 200 = <Response [200]>.status_code\n","statusTrace":"  File \"D:\\Pycharm_Projects\\api-testing-exam\\tests\\test_api.py\", line 184, in test_find_pet_400\n    assert response.status_code == 400\n","steps":[],"attachments":[],"parameters":[],"stepsCount":0,"attachmentsCount":0,"shouldDisplayMessage":true,"hasContent":true}],"attachments":[{"uid":"4619d292b7ebb4f3","name":"stdout","source":"4619d292b7ebb4f3.txt","type":"text/plain","size":17}],"parameters":[],"stepsCount":2,"attachmentsCount":1,"shouldDisplayMessage":true,"hasContent":true},"afterStages":[],"labels":[{"name":"parentSuite","value":"tests"},{"name":"suite","value":"test_api"},{"name":"subSuite","value":"TestApi"},{"name":"host","value":"DESKTOP-CPFF6BR"},{"name":"thread","value":"27720-MainThread"},{"name":"framework","value":"pytest"},{"name":"language","value":"cpython3"},{"name":"package","value":"tests.test_api"},{"name":"resultFormat","value":"allure2"}],"parameters":[],"links":[],"hidden":false,"retry":false,"extra":{"severity":"normal","retries":[],"categories":[{"name":"Product defects","matchedStatuses":[],"flaky":false}],"tags":[]},"source":"34a54243ad621789.json","parameterValues":[]}