{"uid":"caac6f4b26c81ac6","name":"Add a new pet to the store without body","fullName":"tests.test_api.TestApi#test_add_new_pet_415","historyId":"17392ba641c10ceb5c0448f43d472bc6","time":{"start":1704888918245,"stop":1704888919364,"duration":1119},"status":"failed","statusMessage":"AssertionError: assert 200 == 415\n +  where 200 = <Response [200]>.status_code","statusTrace":"self = <test_api.TestApi object at 0x00000164D03EA5D0>, api_client = <utils.api_client.ApiClient object at 0x00000164CF4777D0>\n\n    @allure.title(\"Add a new pet to the store without body\")\n    def test_add_new_pet_415(self, api_client):\n        response = api_client.post(\"/pet\")\n        print(response)\n        with allure.step(f\"Check status {response.status_code}\"):\n>           assert response.status_code == 415\nE           assert 200 == 415\nE            +  where 200 = <Response [200]>.status_code\n\ntests\\test_api.py:51: AssertionError","flaky":false,"newFailed":false,"newBroken":false,"newPassed":false,"retriesCount":0,"retriesStatusChange":false,"beforeStages":[],"testStage":{"status":"failed","statusMessage":"AssertionError: assert 200 == 415\n +  where 200 = <Response [200]>.status_code","statusTrace":"self = <test_api.TestApi object at 0x00000164D03EA5D0>, api_client = <utils.api_client.ApiClient object at 0x00000164CF4777D0>\n\n    @allure.title(\"Add a new pet to the store without body\")\n    def test_add_new_pet_415(self, api_client):\n        response = api_client.post(\"/pet\")\n        print(response)\n        with allure.step(f\"Check status {response.status_code}\"):\n>           assert response.status_code == 415\nE           assert 200 == 415\nE            +  where 200 = <Response [200]>.status_code\n\ntests\\test_api.py:51: AssertionError","steps":[{"name":"Post request to '/pet'","time":{"start":1704888918245,"stop":1704888919363,"duration":1118},"status":"passed","steps":[],"attachments":[],"parameters":[{"name":"path","value":"'/pet'"},{"name":"data","value":"None"}],"stepsCount":0,"attachmentsCount":0,"shouldDisplayMessage":false,"hasContent":true},{"name":"Check status 200","time":{"start":1704888919363,"stop":1704888919364,"duration":1},"status":"failed","statusMessage":"AssertionError: assert 200 == 415\n +  where 200 = <Response [200]>.status_code\n","statusTrace":"  File \"D:\\Pycharm_Projects\\api-testing-exam\\tests\\test_api.py\", line 51, in test_add_new_pet_415\n    assert response.status_code == 415\n","steps":[],"attachments":[],"parameters":[],"stepsCount":0,"attachmentsCount":0,"shouldDisplayMessage":true,"hasContent":true}],"attachments":[{"uid":"9473e9b9e75aac17","name":"stdout","source":"9473e9b9e75aac17.txt","type":"text/plain","size":17}],"parameters":[],"stepsCount":2,"attachmentsCount":1,"shouldDisplayMessage":true,"hasContent":true},"afterStages":[],"labels":[{"name":"parentSuite","value":"tests"},{"name":"suite","value":"test_api"},{"name":"subSuite","value":"TestApi"},{"name":"host","value":"DESKTOP-CPFF6BR"},{"name":"thread","value":"27720-MainThread"},{"name":"framework","value":"pytest"},{"name":"language","value":"cpython3"},{"name":"package","value":"tests.test_api"},{"name":"resultFormat","value":"allure2"}],"parameters":[],"links":[],"hidden":false,"retry":false,"extra":{"severity":"normal","retries":[],"categories":[{"name":"Product defects","matchedStatuses":[],"flaky":false}],"tags":[]},"source":"caac6f4b26c81ac6.json","parameterValues":[]}